[debug] [2020-02-06T13:40:32.749Z] ----------------------------------------------------------------------
[debug] [2020-02-06T13:40:32.751Z] Command:       C:\Program Files\nodejs\node.exe C:\Users\1855639\AppData\Roaming\npm\node_modules\firebase-tools\lib\bin\firebase.js deploy --only hosting
[debug] [2020-02-06T13:40:32.752Z] CLI Version:   7.12.1
[debug] [2020-02-06T13:40:32.752Z] Platform:      win32
[debug] [2020-02-06T13:40:32.752Z] Node Version:  v12.13.1
[debug] [2020-02-06T13:40:32.753Z] Time:          Thu Feb 06 2020 14:40:32 GMT+0100 (GMT+01:00)
[debug] [2020-02-06T13:40:32.753Z] ----------------------------------------------------------------------
[debug] [2020-02-06T13:40:32.754Z] 
[debug] [2020-02-06T13:40:32.765Z] > command requires scopes: ["email","openid","https://www.googleapis.com/auth/cloudplatformprojects.readonly","https://www.googleapis.com/auth/firebase","https://www.googleapis.com/auth/cloud-platform"]
[debug] [2020-02-06T13:40:32.766Z] > authorizing via signed-in user
[debug] [2020-02-06T13:40:32.767Z] [iam] checking project connect4-bd651 for permissions ["firebase.projects.get","firebasehosting.sites.update"]
[debug] [2020-02-06T13:40:32.769Z] >>> HTTP REQUEST POST https://cloudresourcemanager.googleapis.com/v1/projects/connect4-bd651:testIamPermissions  

[debug] [2020-02-06T13:40:33.760Z] <<< HTTP RESPONSE 200
[debug] [2020-02-06T13:40:33.766Z] >>> HTTP REQUEST GET https://firebase.googleapis.com/v1beta1/projects/connect4-bd651  
 
[debug] [2020-02-06T13:40:34.104Z] <<< HTTP RESPONSE 200
[info] 
[info] === Deploying to 'connect4-bd651'...
[info] 
[info] i  deploying hosting
[debug] [2020-02-06T13:40:34.124Z] >>> HTTP REQUEST POST https://firebasehosting.googleapis.com/v1beta1/sites/connect4-bd651/versions  

[debug] [2020-02-06T13:40:36.654Z] <<< HTTP RESPONSE 200
[info] i  hosting[connect4-bd651]: beginning deploy...
[info] i  hosting[connect4-bd651]: found 6404 files in .
[debug] [2020-02-06T13:40:37.742Z] [hosting] hash cache [] not populated
[debug] [2020-02-06T13:40:38.468Z] >>> HTTP REQUEST POST https://firebasehosting.googleapis.com/v1beta1/sites/connect4-bd651/versions/20a7f32935ca8685:populateFiles  
 <request body omitted>
[debug] [2020-02-06T13:40:39.162Z] >>> HTTP REQUEST POST https://firebasehosting.googleapis.com/v1beta1/sites/connect4-bd651/versions/20a7f32935ca8685:populateFiles  
 <request body omitted>
[debug] [2020-02-06T13:40:39.886Z] >>> HTTP REQUEST POST https://firebasehosting.googleapis.com/v1beta1/sites/connect4-bd651/versions/20a7f32935ca8685:populateFiles  
 <request body omitted>
[debug] [2020-02-06T13:40:40.368Z] >>> HTTP REQUEST POST https://firebasehosting.googleapis.com/v1beta1/sites/connect4-bd651/versions/20a7f32935ca8685:populateFiles  
 <request body omitted>
[debug] [2020-02-06T13:40:40.724Z] <<< HTTP RESPONSE 200
[debug] [2020-02-06T13:40:41.350Z] >>> HTTP REQUEST POST https://firebasehosting.googleapis.com/v1beta1/sites/connect4-bd651/versions/20a7f32935ca8685:populateFiles  
 <request body omitted>
[debug] [2020-02-06T13:40:42.038Z] <<< HTTP RESPONSE 200
[debug] [2020-02-06T13:40:42.108Z] >>> HTTP REQUEST POST https://firebasehosting.googleapis.com/v1beta1/sites/connect4-bd651/versions/20a7f32935ca8685:populateFiles  
 <request body omitted>
[debug] [2020-02-06T13:40:42.331Z] [hosting] hash cache [] stored for 6404 files
[debug] [2020-02-06T13:40:42.332Z] [hosting][hash queue][FINAL]
[debug] [2020-02-06T13:40:42.332Z] >>> HTTP REQUEST POST https://firebasehosting.googleapis.com/v1beta1/sites/connect4-bd651/versions/20a7f32935ca8685:populateFiles  
 <request body omitted>
[debug] [2020-02-06T13:40:42.380Z] <<< HTTP RESPONSE 200
[debug] [2020-02-06T13:40:42.671Z] <<< HTTP RESPONSE 200
[debug] [2020-02-06T13:40:42.694Z] [hosting][upload]
[debug] [2020-02-06T13:40:43.800Z] [hosting][upload]
[debug] [2020-02-06T13:40:44.856Z] <<< HTTP RESPONSE 200
[debug] [2020-02-06T13:40:45.022Z] <<< HTTP RESPONSE 200
[debug] [2020-02-06T13:40:45.119Z] [hosting][upload]
[debug] [2020-02-06T13:40:45.297Z] <<< HTTP RESPONSE 200
[debug] [2020-02-06T13:40:45.300Z] [hosting][populate queue][FINAL]
[debug] [2020-02-06T13:40:45.300Z] [hosting] uploads queued: 6403
[debug] [2020-02-06T13:40:46.907Z] [hosting][upload]
[debug] [2020-02-06T13:40:47.659Z] [hosting][upload]
[debug] [2020-02-06T13:40:52.947Z] [hosting][upload]
[debug] [2020-02-06T13:40:57.811Z] [hosting][upload]
[debug] [2020-02-06T13:40:59.517Z] [hosting][upload]
[debug] [2020-02-06T13:41:03.299Z] [hosting][upload]
[debug] [2020-02-06T13:41:06.737Z] [hosting][upload]
[debug] [2020-02-06T13:41:08.028Z] [hosting][upload]
[debug] [2020-02-06T13:41:09.368Z] [hosting][upload]
[debug] [2020-02-06T13:41:11.835Z] [hosting][upload]
[debug] [2020-02-06T13:41:11.892Z] [uploadQueue] Retrying task 2898b262534655d13387cfd4b6167d60d9fbafefaa88d6d38f5fa910917fa1ad
[debug] [2020-02-06T13:41:13.873Z] [hosting][upload]
[debug] [2020-02-06T13:41:15.511Z] [hosting][upload]
[debug] [2020-02-06T13:41:17.164Z] [hosting][upload]
[debug] [2020-02-06T13:41:18.504Z] [uploadQueue] Retrying task e1ed89d03f70a488f5176fa5b2bdd608840d86a5834118b4c4f8013ad8e179f1
[debug] [2020-02-06T13:41:18.602Z] [uploadQueue] Retrying task 74f972dd365d654be38af2da79bab50a65ae8864ad9110e366d91fee9473f20d
[debug] [2020-02-06T13:41:18.793Z] [uploadQueue] Retrying task 63161cf1d107274b62f4ec71e990289c41237547b4dce2e0bbb76c274f8a56f7
[debug] [2020-02-06T13:41:19.939Z] [hosting][upload]
[debug] [2020-02-06T13:41:20.575Z] [uploadQueue] Retrying task 992c0c73358f16f3b957b8d6d818a6fd4e24dafef2cc653c72448358c684c6b8
[debug] [2020-02-06T13:41:22.794Z] [hosting][upload]
[debug] [2020-02-06T13:41:23.446Z] [uploadQueue] Retrying task 6589ffcd85c76bd35c8e15f62d955e74bfcf4d4b5ed1e76f746aa97010e26ee5
[debug] [2020-02-06T13:41:23.769Z] [hosting][upload]
[debug] [2020-02-06T13:41:30.114Z] [hosting][upload]
[debug] [2020-02-06T13:41:31.493Z] [hosting][upload]
[debug] [2020-02-06T13:41:37.090Z] [hosting][upload]
[debug] [2020-02-06T13:41:38.061Z] [hosting][upload]
[debug] [2020-02-06T13:41:39.888Z] [hosting][upload]
[debug] [2020-02-06T13:41:40.581Z] [hosting][upload]
[debug] [2020-02-06T13:41:41.672Z] [hosting][upload]
[debug] [2020-02-06T13:41:44.155Z] [hosting][upload]
[debug] [2020-02-06T13:41:46.114Z] [hosting][upload]
[debug] [2020-02-06T13:41:47.323Z] [hosting][upload]
[debug] [2020-02-06T13:41:48.507Z] [hosting][upload]
[debug] [2020-02-06T13:41:50.563Z] [hosting][upload]
[debug] [2020-02-06T13:41:52.417Z] [hosting][upload]
[debug] [2020-02-06T13:41:53.744Z] [hosting][upload]
[debug] [2020-02-06T13:41:55.487Z] [hosting][upload]
[debug] [2020-02-06T13:41:59.599Z] [hosting][upload]
[debug] [2020-02-06T13:42:02.410Z] [hosting][upload]
[debug] [2020-02-06T13:42:05.000Z] [hosting][upload]
[debug] [2020-02-06T13:42:06.356Z] [hosting][upload]
[debug] [2020-02-06T13:42:08.986Z] [hosting][upload]
[debug] [2020-02-06T13:42:10.614Z] [hosting][upload]
[debug] [2020-02-06T13:42:11.482Z] [hosting][upload]
[debug] [2020-02-06T13:42:11.637Z] [uploadQueue] Retrying task b984b20381e919b15c68495cd4842446607d6582fccd0ced9637ed0b9576e473
[debug] [2020-02-06T13:42:12.591Z] [hosting][upload]
[debug] [2020-02-06T13:42:13.269Z] [hosting][upload]
[debug] [2020-02-06T13:42:14.384Z] [hosting][upload]
[debug] [2020-02-06T13:42:16.624Z] [hosting][upload]
[debug] [2020-02-06T13:42:18.385Z] [hosting][upload]
[debug] [2020-02-06T13:42:23.002Z] [hosting][upload]
[debug] [2020-02-06T13:42:26.331Z] [hosting][upload]
[debug] [2020-02-06T13:42:30.786Z] [hosting][upload]
[debug] [2020-02-06T13:42:32.115Z] [hosting][upload]
[debug] [2020-02-06T13:42:35.043Z] [hosting][upload]
[debug] [2020-02-06T13:42:35.064Z] [uploadQueue] Retrying task 0136f69fda5c5c8ede15e416af36d56ae19b15a27e0ca467c2557e5b6bc4187b
[debug] [2020-02-06T13:42:37.160Z] [hosting][upload]
[debug] [2020-02-06T13:42:40.333Z] [hosting][upload]
